17:32:10.217 [main] INFO  LeadsModule.DeleteLeadUsingDelLInkTest - The user has navigated to home page
17:32:15.162 [main] INFO  LeadsModule.DeleteLeadUsingDelLInkTest - The user has signed out
17:32:18.739 [main] INFO  LeadsModule.DeleteLeadUsingDelLInkTest - User 'admin' has logged in
17:32:24.103 [main] INFO  LeadsModule.DeleteLeadUsingDelLInkTest - The user has navigated to Leads Module
17:32:24.180 [main] INFO  LeadsModule.DeleteLeadUsingDelLInkTest - The user is trying to delete Mohit Gupta
17:32:25.209 [main] INFO  LeadsModule.DeleteLeadUsingDelLInkTest - The user has accepted the alert popup
17:32:48.406 [main] INFO  LeadsModule.DeleteLeadUsingDelLInkTest - Test Passed
17:32:50.825 [main] INFO  LeadsModule.DeleteLeadUsingDelLInkTest - The user has navigated to home page
17:32:55.926 [main] INFO  LeadsModule.DeleteLeadUsingDelLInkTest - The user has signed out
17:32:56.287 [main] INFO  LeadsModule.DeleteLeadUsingDelLInkTest - The browser has closed
17:32:58.205 [main] INFO  LeadsModule.DeleteLeadUsingDelLInkTest - Database connection closed
18:28:53.283 [main] INFO  LeadsModule.CreateLeadTest - Browser has opened
18:28:57.818 [main] INFO  LeadsModule.CreateLeadTest - Navigated to the URL - http://localhost:8888/
18:29:04.620 [main] INFO  LeadsModule.CreateLeadTest - User 'admin' has logged in
18:29:30.961 [main] INFO  LeadsModule.CreateLeadTest - The user has signed out
18:29:31.243 [main] INFO  LeadsModule.CreateLeadTest - The browser has closed
18:29:32.367 [main] INFO  LeadsModule.CreateLeadTest - Database connection closed
18:42:04.779 [main] INFO  LeadsModule.CreateLeadTest - Browser has opened
18:42:10.513 [main] INFO  LeadsModule.CreateLeadTest - Navigated to the URL - http://localhost:8888/
18:42:17.847 [main] INFO  LeadsModule.CreateLeadTest - User 'admin' has logged in
18:42:46.535 [main] INFO  LeadsModule.CreateLeadTest - The user has signed out
18:42:46.790 [main] INFO  LeadsModule.CreateLeadTest - The browser has closed
18:42:47.921 [main] INFO  LeadsModule.CreateLeadTest - Database connection closed
18:44:31.882 [main] INFO  LeadsModule.CreateLeadTest - Browser has opened
18:44:32.735 [main] INFO  LeadsModule.CreateLeadTest - Navigated to the URL - http://localhost:8888/
18:44:34.662 [main] INFO  LeadsModule.CreateLeadTest - User 'admin' has logged in
18:44:47.907 [main] INFO  LeadsModule.CreateLeadTest - The user has signed out
18:44:48.178 [main] INFO  LeadsModule.CreateLeadTest - The browser has closed
18:44:49.121 [main] INFO  LeadsModule.CreateLeadTest - Database connection closed
18:46:28.148 [main] INFO  LeadsModule.CreateLeadTest - Browser has opened
18:46:28.988 [main] INFO  LeadsModule.CreateLeadTest - Navigated to the URL - http://localhost:8888/
18:46:31.174 [main] INFO  LeadsModule.CreateLeadTest - User 'admin' has logged in
18:46:43.311 [main] INFO  LeadsModule.CreateLeadTest - The user has signed out
18:46:43.586 [main] INFO  LeadsModule.CreateLeadTest - The browser has closed
18:46:44.587 [main] INFO  LeadsModule.CreateLeadTest - Database connection closed
